<?xml version="1.0" encoding="UTF-8"?>
<!-- Generated by org.testng.reporters.JUnitXMLReporter -->
<testsuite ignored="5" hostname="DESKTOP-00OIK88" failures="0" tests="1" name="Default test" time="15.807" errors="0" timestamp="2024-01-07T11:52:38 CET">
  <testcase classname="Test.Tests" name="register" time="2.16"/>
  <testcase classname="Test.Tests" name="completeForm" time="0.0">
    <ignored/>
  </testcase> <!-- completeForm -->
  <testcase classname="Test.Tests" name="testInvalidPasswordDetected" time="0.0">
    <ignored/>
  </testcase> <!-- testInvalidPasswordDetected -->
  <testcase classname="Test.Tests" name="testRequiredFields" time="0.0">
    <ignored/>
  </testcase> <!-- testRequiredFields -->
  <testcase classname="Test.Tests" name="testPasswordsNotMatchDetected" time="0.0">
    <ignored/>
  </testcase> <!-- testPasswordsNotMatchDetected -->
  <testcase classname="Test.Tests" name="testInvalidEmailDetected" time="0.0">
    <ignored/>
  </testcase> <!-- testInvalidEmailDetected -->
</testsuite> <!-- Default test -->
