<?xml version="1.0" encoding="UTF-8"?>
<testng-results ignored="0" total="1" passed="1" failed="0" skipped="0">
  <reporter-output>
  </reporter-output>
  <suite started-at="2024-01-07T11:52:23 CET" name="Default suite" finished-at="2024-01-07T11:52:38 CET" duration-ms="15807">
    <groups>
    </groups>
    <test started-at="2024-01-07T11:52:23 CET" name="Default test" finished-at="2024-01-07T11:52:38 CET" duration-ms="15807">
      <class name="Test.Tests">
        <test-method is-config="true" signature="setUp()[pri:0, instance:Test.Tests@4686afc2]" started-at="2024-01-07T11:52:23 CET" name="setUp" finished-at="2024-01-07T11:52:36 CET" duration-ms="13575" status="PASS">
          <reporter-output>
          </reporter-output>
        </test-method> <!-- setUp -->
        <test-method signature="register()[pri:0, instance:Test.Tests@4686afc2]" started-at="2024-01-07T11:52:36 CET" name="register" description="Ingresar a la página, aceptar cookies e ingresar a registrarse" finished-at="2024-01-07T11:52:38 CET" duration-ms="2160" status="PASS">
          <reporter-output>
          </reporter-output>
        </test-method> <!-- register -->
      </class> <!-- Test.Tests -->
    </test> <!-- Default test -->
  </suite> <!-- Default suite -->
</testng-results>
